******* CharacterLab Log, 11/29/2000 *******
12:59:08 PM: adding custom type AIMainStatType
12:59:08 PM: adding custom type AIType
12:59:08 PM: adding custom type BlendType
12:59:08 PM: adding custom type Boolean
12:59:08 PM: adding custom type CombatThemeType
12:59:08 PM: adding custom type CombatAIType
12:59:08 PM: adding custom type FacingType
12:59:08 PM: adding custom type FlickerType
12:59:08 PM: adding custom type FluidType
12:59:08 PM: adding custom type IdleAIDutyType
12:59:08 PM: adding custom type IdleAIType
12:59:08 PM: adding custom type PartyAIType
12:59:08 PM: adding custom type ShadowType
12:59:08 PM: adding custom type SoundSelfPlayType
12:59:08 PM: adding custom type SpellType
12:59:08 PM: adding custom type UndeadAIType
12:59:08 PM: adding custom type UseLightingType
12:59:08 PM: adding custom type WolfAIType
12:59:08 PM: adding custom type XRaySlopeType
12:59:08 PM: adding record type EquipmentList
12:59:08 PM: adding record type ItemList
12:59:08 PM: adding record type ScriptString
12:59:08 PM: adding record type DamageProfile
12:59:08 PM: adding record type DamageResistanceProfile
12:59:08 PM: Adding Class GameObject
12:59:08 PM: Adding Class SpriteObject
12:59:08 PM: Adding Class StaticObject
12:59:08 PM: Adding Class GridSpace
12:59:08 PM: Adding Class gsCollision
12:59:08 PM: Adding Class gsFilterID
12:59:08 PM: Adding Class gsOnTrigger
12:59:09 PM: Adding Class Item
12:59:09 PM: Adding Class Light
12:59:09 PM: Adding Class SoundPlayer
12:59:10 PM: Adding Class Character
12:59:10 PM: Adding Class Container
12:59:10 PM: Adding Class Door
12:59:10 PM: Adding Class Quiver
12:59:10 PM: Adding Class Weapon
12:59:10 PM: Adding Class CastingDevice
12:59:10 PM: Adding Class Bow
12:59:10 PM: Adding Class PathCorner
